<?xml version="1.0" encoding="UTF-8"?>
<!-- Generated by org.testng.reporters.JUnitXMLReporter -->
<testsuite hostname="DESKTOP-VKG514M" ignored="0" name="Test" tests="4" failures="0" timestamp="2020-08-07T23:52:10 IST" time="0.107" errors="0">
  <testcase name="tc3" time="0.015" classname="com.test.SignInPageTest"/>
  <testcase name="tc1" time="0.015" classname="com.test.LandingPageTest"/>
  <testcase name="tc3" time="0.004" classname="com.test.LandingPageTest"/>
  <testcase name="tc2" time="0.009" classname="com.test.LandingPageTest"/>
</testsuite> <!-- Test -->
