<?xml version="1.0" encoding="UTF-8"?>
<testng-results skipped="0" failed="0" ignored="0" total="4" passed="4">
  <reporter-output>
  </reporter-output>
  <suite name="Suite" duration-ms="107" started-at="2020-08-07T23:52:10 IST" finished-at="2020-08-07T23:52:10 IST">
    <groups>
    </groups>
    <test name="Test" duration-ms="107" started-at="2020-08-07T23:52:10 IST" finished-at="2020-08-07T23:52:10 IST">
      <class name="com.test.SignInPageTest">
        <test-method status="PASS" signature="tc3()[pri:0, instance:com.test.SignInPageTest@65e2dbf3]" name="tc3" duration-ms="15" started-at="2020-08-07T23:52:10 IST" finished-at="2020-08-07T23:52:10 IST">
          <reporter-output>
          </reporter-output>
        </test-method> <!-- tc3 -->
      </class> <!-- com.test.SignInPageTest -->
      <class name="com.test.LandingPageTest">
        <test-method status="PASS" signature="tc1()[pri:0, instance:com.test.LandingPageTest@4f970963]" name="tc1" duration-ms="15" started-at="2020-08-07T23:52:10 IST" finished-at="2020-08-07T23:52:10 IST">
          <reporter-output>
          </reporter-output>
        </test-method> <!-- tc1 -->
        <test-method status="PASS" signature="tc2()[pri:0, instance:com.test.LandingPageTest@4f970963]" name="tc2" duration-ms="9" started-at="2020-08-07T23:52:10 IST" finished-at="2020-08-07T23:52:10 IST">
          <reporter-output>
          </reporter-output>
        </test-method> <!-- tc2 -->
        <test-method status="PASS" signature="tc3()[pri:0, instance:com.test.LandingPageTest@4f970963]" name="tc3" duration-ms="4" started-at="2020-08-07T23:52:10 IST" finished-at="2020-08-07T23:52:10 IST">
          <reporter-output>
          </reporter-output>
        </test-method> <!-- tc3 -->
      </class> <!-- com.test.LandingPageTest -->
    </test> <!-- Test -->
  </suite> <!-- Suite -->
</testng-results>
